This is pdfTeX, Version 3.141592653-2.6-1.40.24 (TeX Live 2022) (preloaded format=pdflatex 2022.12.5)  7 JUN 2023 04:27
entering extended mode
 \write18 enabled.
 file:line:error style messages enabled.
 %&-line parsing enabled.
**/Users/jacky/Documents/research/markov_switch/report/report.tex
(/Users/jacky/Documents/research/markov_switch/report/report.tex
LaTeX2e <2021-11-15> patch level 1
L3 programming layer <2022-02-24> (/usr/local/texlive/2022/texmf-dist/tex/latex/base/article.cls
Document Class: article 2021/10/04 v1.4n Standard LaTeX document class
(/usr/local/texlive/2022/texmf-dist/tex/latex/base/size10.clo
File: size10.clo 2021/10/04 v1.4n Standard LaTeX file (size option)
)
\c@part=\count185
\c@section=\count186
\c@subsection=\count187
\c@subsubsection=\count188
\c@paragraph=\count189
\c@subparagraph=\count190
\c@figure=\count191
\c@table=\count192
\abovecaptionskip=\skip47
\belowcaptionskip=\skip48
\bibindent=\dimen138
) (/usr/local/texlive/2022/texmf-dist/tex/latex/graphics/graphicx.sty
Package: graphicx 2021/09/16 v1.2d Enhanced LaTeX Graphics (DPC,SPQR)
 (/usr/local/texlive/2022/texmf-dist/tex/latex/graphics/keyval.sty
Package: keyval 2014/10/28 v1.15 key=value parser (DPC)
\KV@toks@=\toks16
) (/usr/local/texlive/2022/texmf-dist/tex/latex/graphics/graphics.sty
Package: graphics 2021/03/04 v1.4d Standard LaTeX Graphics (DPC,SPQR)
 (/usr/local/texlive/2022/texmf-dist/tex/latex/graphics/trig.sty
Package: trig 2021/08/11 v1.11 sin cos tan (DPC)
) (/usr/local/texlive/2022/texmf-dist/tex/latex/graphics-cfg/graphics.cfg
File: graphics.cfg 2016/06/04 v1.11 sample graphics configuration
)
Package graphics Info: Driver file: pdftex.def on input line 107.
 (/usr/local/texlive/2022/texmf-dist/tex/latex/graphics-def/pdftex.def
File: pdftex.def 2020/10/05 v1.2a Graphics/color driver for pdftex
))
\Gin@req@height=\dimen139
\Gin@req@width=\dimen140
) (/usr/local/texlive/2022/texmf-dist/tex/latex/setspace/setspace.sty
Package: setspace 2011/12/19 v6.7a set line spacing
) (/usr/local/texlive/2022/texmf-dist/tex/generic/babel/babel.sty
Package: babel 2022/02/26 3.73 The Babel package
\babel@savecnt=\count193
\U@D=\dimen141
\l@unhyphenated=\language87
 (/usr/local/texlive/2022/texmf-dist/tex/generic/babel/txtbabel.def)
\bbl@readstream=\read2
\bbl@dirlevel=\count194
 (/usr/local/texlive/2022/texmf-dist/tex/generic/babel-english/english.ldf
Language: english 2017/06/06 v3.3r English support from the babel system
Package babel Info: Hyphen rules for 'canadian' set to \l@english
(babel)             (\language0). Reported on input line 102.
Package babel Info: Hyphen rules for 'australian' set to \l@ukenglish
(babel)             (\language21). Reported on input line 105.
Package babel Info: Hyphen rules for 'newzealand' set to \l@ukenglish
(babel)             (\language21). Reported on input line 108.
)) (/usr/local/texlive/2022/texmf-dist/tex/latex/tools/tabularx.sty
Package: tabularx 2020/01/15 v2.11c `tabularx' package (DPC)
 (/usr/local/texlive/2022/texmf-dist/tex/latex/tools/array.sty
Package: array 2021/10/04 v2.5f Tabular extension package (FMi)
\col@sep=\dimen142
\ar@mcellbox=\box50
\extrarowheight=\dimen143
\NC@list=\toks17
\extratabsurround=\skip49
\backup@length=\skip50
\ar@cellbox=\box51
)
\TX@col@width=\dimen144
\TX@old@table=\dimen145
\TX@old@col=\dimen146
\TX@target=\dimen147
\TX@delta=\dimen148
\TX@cols=\count195
\TX@ftn=\toks18
) (/usr/local/texlive/2022/texmf-dist/tex/latex/booktabs/booktabs.sty
Package: booktabs 2020/01/12 v1.61803398 Publication quality tables
\heavyrulewidth=\dimen149
\lightrulewidth=\dimen150
\cmidrulewidth=\dimen151
\belowrulesep=\dimen152
\belowbottomsep=\dimen153
\aboverulesep=\dimen154
\abovetopsep=\dimen155
\cmidrulesep=\dimen156
\cmidrulekern=\dimen157
\defaultaddspace=\dimen158
\@cmidla=\count196
\@cmidlb=\count197
\@aboverulesep=\dimen159
\@belowrulesep=\dimen160
\@thisruleclass=\count198
\@lastruleclass=\count199
\@thisrulewidth=\dimen161
) (/usr/local/texlive/2022/texmf-dist/tex/latex/ragged2e/ragged2e.sty
Package: ragged2e 2021/12/15 v3.1 ragged2e Package
\CenteringLeftskip=\skip51
\RaggedLeftLeftskip=\skip52
\RaggedRightLeftskip=\skip53
\CenteringRightskip=\skip54
\RaggedLeftRightskip=\skip55
\RaggedRightRightskip=\skip56
\CenteringParfillskip=\skip57
\RaggedLeftParfillskip=\skip58
\RaggedRightParfillskip=\skip59
\JustifyingParfillskip=\skip60
\CenteringParindent=\skip61
\RaggedLeftParindent=\skip62
\RaggedRightParindent=\skip63
\JustifyingParindent=\skip64
) (/usr/local/texlive/2022/texmf-dist/tex/latex/tools/indentfirst.sty
Package: indentfirst 1995/11/23 v1.03 Indent first paragraph (DPC)
) (/usr/local/texlive/2022/texmf-dist/tex/latex/listings/listings.sty
\lst@mode=\count266
\lst@gtempboxa=\box52
\lst@token=\toks19
\lst@length=\count267
\lst@currlwidth=\dimen162
\lst@column=\count268
\lst@pos=\count269
\lst@lostspace=\dimen163
\lst@width=\dimen164
\lst@newlines=\count270
\lst@lineno=\count271
\lst@maxwidth=\dimen165
 (/usr/local/texlive/2022/texmf-dist/tex/latex/listings/lstmisc.sty
File: lstmisc.sty 2020/03/24 1.8d (Carsten Heinz)
\c@lstnumber=\count272
\lst@skipnumbers=\count273
\lst@framebox=\box53
) (/usr/local/texlive/2022/texmf-dist/tex/latex/listings/listings.cfg
File: listings.cfg 2020/03/24 1.8d listings configuration
))
Package: listings 2020/03/24 1.8d (Carsten Heinz)
 (/usr/local/texlive/2022/texmf-dist/tex/latex/upquote/upquote.sty
Package: upquote 2012/04/19 v1.3 upright-quote and grave-accent glyphs in verbatim
) (/usr/local/texlive/2022/texmf-dist/tex/latex/amsmath/amsmath.sty
Package: amsmath 2021/10/15 v2.17l AMS math features
\@mathmargin=\skip65

For additional information on amsmath, use the `?' option.
(/usr/local/texlive/2022/texmf-dist/tex/latex/amsmath/amstext.sty
Package: amstext 2021/08/26 v2.01 AMS text
 (/usr/local/texlive/2022/texmf-dist/tex/latex/amsmath/amsgen.sty
File: amsgen.sty 1999/11/30 v2.0 generic functions
\@emptytoks=\toks20
\ex@=\dimen166
)) (/usr/local/texlive/2022/texmf-dist/tex/latex/amsmath/amsbsy.sty
Package: amsbsy 1999/11/29 v1.2d Bold Symbols
\pmbraise@=\dimen167
) (/usr/local/texlive/2022/texmf-dist/tex/latex/amsmath/amsopn.sty
Package: amsopn 2021/08/26 v2.02 operator names
)
\inf@bad=\count274
LaTeX Info: Redefining \frac on input line 234.
\uproot@=\count275
\leftroot@=\count276
LaTeX Info: Redefining \overline on input line 399.
\classnum@=\count277
\DOTSCASE@=\count278
LaTeX Info: Redefining \ldots on input line 496.
LaTeX Info: Redefining \dots on input line 499.
LaTeX Info: Redefining \cdots on input line 620.
\Mathstrutbox@=\box54
\strutbox@=\box55
\big@size=\dimen168
LaTeX Font Info:    Redeclaring font encoding OML on input line 743.
LaTeX Font Info:    Redeclaring font encoding OMS on input line 744.
\macc@depth=\count279
\c@MaxMatrixCols=\count280
\dotsspace@=\muskip16
\c@parentequation=\count281
\dspbrk@lvl=\count282
\tag@help=\toks21
\row@=\count283
\column@=\count284
\maxfields@=\count285
\andhelp@=\toks22
\eqnshift@=\dimen169
\alignsep@=\dimen170
\tagshift@=\dimen171
\tagwidth@=\dimen172
\totwidth@=\dimen173
\lineht@=\dimen174
\@envbody=\toks23
\multlinegap=\skip66
\multlinetaggap=\skip67
\mathdisplay@stack=\toks24
LaTeX Info: Redefining \[ on input line 2938.
LaTeX Info: Redefining \] on input line 2939.
) (/usr/local/texlive/2022/texmf-dist/tex/latex/amsfonts/amssymb.sty
Package: amssymb 2013/01/14 v3.01 AMS font symbols
 (/usr/local/texlive/2022/texmf-dist/tex/latex/amsfonts/amsfonts.sty
Package: amsfonts 2013/01/14 v3.01 Basic AMSFonts support
\symAMSa=\mathgroup4
\symAMSb=\mathgroup5
LaTeX Font Info:    Redeclaring math symbol \hbar on input line 98.
LaTeX Font Info:    Overwriting math alphabet `\mathfrak' in version `bold'
(Font)                  U/euf/m/n --> U/euf/b/n on input line 106.
)) (/usr/local/texlive/2022/texmf-dist/tex/latex/svg/svg.sty
Package: svg 2020/11/26 v2.02k (include SVG pictures)
 (/usr/local/texlive/2022/texmf-dist/tex/generic/iftex/iftex.sty
Package: iftex 2022/02/03 v1.0f TeX engine tests
) (/usr/local/texlive/2022/texmf-dist/tex/latex/koma-script/scrbase.sty
Package: scrbase 2021/11/13 v3.35 KOMA-Script package (KOMA-Script-independent basics and keyval usage)
 (/usr/local/texlive/2022/texmf-dist/tex/latex/koma-script/scrlfile.sty
Package: scrlfile 2021/11/13 v3.35 KOMA-Script package (file load hooks)
 (/usr/local/texlive/2022/texmf-dist/tex/latex/koma-script/scrlfile-hook.sty
Package: scrlfile-hook 2021/11/13 v3.35 KOMA-Script package (using LaTeX hooks)
 (/usr/local/texlive/2022/texmf-dist/tex/latex/koma-script/scrlogo.sty
Package: scrlogo 2021/11/13 v3.35 KOMA-Script package (logo)
)))
Applying: [2021/05/01] Usage of raw or classic option list on input line 252.
Already applied: [0000/00/00] Usage of raw or classic option list on input line 368.
) (/usr/local/texlive/2022/texmf-dist/tex/generic/pdftexcmds/pdftexcmds.sty
Package: pdftexcmds 2020-06-27 v0.33 Utility functions of pdfTeX for LuaTeX (HO)
 (/usr/local/texlive/2022/texmf-dist/tex/generic/infwarerr/infwarerr.sty
Package: infwarerr 2019/12/03 v1.5 Providing info/warning/error messages (HO)
) (/usr/local/texlive/2022/texmf-dist/tex/generic/ltxcmds/ltxcmds.sty
Package: ltxcmds 2020-05-10 v1.25 LaTeX kernel commands for general use (HO)
)
Package pdftexcmds Info: \pdf@primitive is available.
Package pdftexcmds Info: \pdf@ifprimitive is available.
Package pdftexcmds Info: \pdfdraftmode found.
) (/usr/local/texlive/2022/texmf-dist/tex/latex/trimspaces/trimspaces.sty
Package: trimspaces 2009/09/17 v1.1 Trim spaces around a token list
) (/usr/local/texlive/2022/texmf-dist/tex/latex/tools/shellesc.sty
Package: shellesc 2019/11/08 v1.0c unified shell escape interface for LaTeX
Package shellesc Info: Unrestricted shell escape enabled on input line 75.
) (/usr/local/texlive/2022/texmf-dist/tex/latex/ifplatform/ifplatform.sty
Package: ifplatform 2017/10/13 v0.4a Testing for the operating system
 (/usr/local/texlive/2022/texmf-dist/tex/generic/catchfile/catchfile.sty
Package: catchfile 2019/12/09 v1.8 Catch the contents of a file (HO)
 (/usr/local/texlive/2022/texmf-dist/tex/generic/etexcmds/etexcmds.sty
Package: etexcmds 2019/12/15 v1.7 Avoid name clashes with e-TeX commands (HO)
)) (/usr/local/texlive/2022/texmf-dist/tex/generic/iftex/ifluatex.sty
Package: ifluatex 2019/10/25 v1.5 ifluatex legacy package. Use iftex instead.
)
runsystem(uname -s > "report.w18")...executed.

 (./report.w18)
runsystem(rm -- "report.w18")...executed.

)
\c@svg@param@lastpage=\count286
\svg@box=\box56
\c@svg@param@currpage=\count287
) (/usr/local/texlive/2022/texmf-dist/tex/latex/xcolor/xcolor.sty
Package: xcolor 2021/10/31 v2.13 LaTeX color extensions (UK)
 (/usr/local/texlive/2022/texmf-dist/tex/latex/graphics-cfg/color.cfg
File: color.cfg 2016/01/02 v1.6 sample color configuration
)
Package xcolor Info: Driver file: pdftex.def on input line 227.
Package xcolor Info: Model `cmy' substituted by `cmy0' on input line 1352.
Package xcolor Info: Model `hsb' substituted by `rgb' on input line 1356.
Package xcolor Info: Model `RGB' extended on input line 1368.
Package xcolor Info: Model `HTML' substituted by `rgb' on input line 1370.
Package xcolor Info: Model `Hsb' substituted by `hsb' on input line 1371.
Package xcolor Info: Model `tHsb' substituted by `hsb' on input line 1372.
Package xcolor Info: Model `HSB' substituted by `hsb' on input line 1373.
Package xcolor Info: Model `Gray' substituted by `gray' on input line 1374.
Package xcolor Info: Model `wave' substituted by `hsb' on input line 1375.
) (/usr/local/texlive/2022/texmf-dist/tex/latex/transparent/transparent.sty
Package: transparent 2019/11/29 v1.4 Transparency via pdfTeX's color stack (HO)
 (/usr/local/texlive/2022/texmf-dist/tex/latex/auxhook/auxhook.sty
Package: auxhook 2019-12-17 v1.6 Hooks for auxiliary files (HO)
)) (/usr/local/texlive/2022/texmf-dist/tex/latex/pgf/systemlayer/pgfsys.sty (/usr/local/texlive/2022/texmf-dist/tex/latex/pgf/utilities/pgfrcs.sty (/usr/local/texlive/2022/texmf-dist/tex/generic/pgf/utilities/pgfutil-common.tex
\pgfutil@everybye=\toks25
\pgfutil@tempdima=\dimen175
\pgfutil@tempdimb=\dimen176
 (/usr/local/texlive/2022/texmf-dist/tex/generic/pgf/utilities/pgfutil-common-lists.tex)) (/usr/local/texlive/2022/texmf-dist/tex/generic/pgf/utilities/pgfutil-latex.def
\pgfutil@abb=\box57
) (/usr/local/texlive/2022/texmf-dist/tex/generic/pgf/utilities/pgfrcs.code.tex (/usr/local/texlive/2022/texmf-dist/tex/generic/pgf/pgf.revision.tex)
Package: pgfrcs 2021/05/15 v3.1.9a (3.1.9a)
)) (/usr/local/texlive/2022/texmf-dist/tex/generic/pgf/systemlayer/pgfsys.code.tex
Package: pgfsys 2021/05/15 v3.1.9a (3.1.9a)
 (/usr/local/texlive/2022/texmf-dist/tex/generic/pgf/utilities/pgfkeys.code.tex
\pgfkeys@pathtoks=\toks26
\pgfkeys@temptoks=\toks27
 (/usr/local/texlive/2022/texmf-dist/tex/generic/pgf/utilities/pgfkeysfiltered.code.tex
\pgfkeys@tmptoks=\toks28
))
\pgf@x=\dimen177
\pgf@y=\dimen178
\pgf@xa=\dimen179
\pgf@ya=\dimen180
\pgf@xb=\dimen181
\pgf@yb=\dimen182
\pgf@xc=\dimen183
\pgf@yc=\dimen184
\pgf@xd=\dimen185
\pgf@yd=\dimen186
\w@pgf@writea=\write3
\r@pgf@reada=\read3
\c@pgf@counta=\count288
\c@pgf@countb=\count289
\c@pgf@countc=\count290
\c@pgf@countd=\count291
\t@pgf@toka=\toks29
\t@pgf@tokb=\toks30
\t@pgf@tokc=\toks31
\pgf@sys@id@count=\count292
 (/usr/local/texlive/2022/texmf-dist/tex/generic/pgf/systemlayer/pgf.cfg
File: pgf.cfg 2021/05/15 v3.1.9a (3.1.9a)
)
Driver file for pgf: pgfsys-pdftex.def
 (/usr/local/texlive/2022/texmf-dist/tex/generic/pgf/systemlayer/pgfsys-pdftex.def
File: pgfsys-pdftex.def 2021/05/15 v3.1.9a (3.1.9a)
 (/usr/local/texlive/2022/texmf-dist/tex/generic/pgf/systemlayer/pgfsys-common-pdf.def
File: pgfsys-common-pdf.def 2021/05/15 v3.1.9a (3.1.9a)
))) (/usr/local/texlive/2022/texmf-dist/tex/generic/pgf/systemlayer/pgfsyssoftpath.code.tex
File: pgfsyssoftpath.code.tex 2021/05/15 v3.1.9a (3.1.9a)
\pgfsyssoftpath@smallbuffer@items=\count293
\pgfsyssoftpath@bigbuffer@items=\count294
) (/usr/local/texlive/2022/texmf-dist/tex/generic/pgf/systemlayer/pgfsysprotocol.code.tex
File: pgfsysprotocol.code.tex 2021/05/15 v3.1.9a (3.1.9a)
)) (/usr/local/texlive/2022/texmf-dist/tex/latex/bbm-macros/bbm.sty
Package: bbm 1999/03/15 V 1.2 provides fonts for set symbols - TH
LaTeX Font Info:    Overwriting math alphabet `\mathbbm' in version `bold'
(Font)                  U/bbm/m/n --> U/bbm/bx/n on input line 33.
LaTeX Font Info:    Overwriting math alphabet `\mathbbmss' in version `bold'
(Font)                  U/bbmss/m/n --> U/bbmss/bx/n on input line 35.
) (/usr/local/texlive/2022/texmf-dist/tex/latex/tools/bm.sty
Package: bm 2021/04/25 v1.2e Bold Symbol Support (DPC/FMi)
\symboldoperators=\mathgroup6
\symboldletters=\mathgroup7
\symboldsymbols=\mathgroup8
Package bm Info: No bold for \OMX/cmex/m/n, using \pmb.
Package bm Info: No bold for \U/msa/m/n, using \pmb.
Package bm Info: No bold for \U/msb/m/n, using \pmb.
LaTeX Font Info:    Redeclaring math alphabet \mathbf on input line 149.
) (/usr/local/texlive/2022/texmf-dist/tex/latex/l3backend/l3backend-pdftex.def
File: l3backend-pdftex.def 2022-02-07 L3 backend support: PDF output (pdfTeX)
\l__color_backend_stack_int=\count295
\l__pdf_internal_box=\box58
) (./report.aux

LaTeX Warning: Label `article' multiply defined.

)
\openout1 = `report.aux'.

LaTeX Font Info:    Checking defaults for OML/cmm/m/it on input line 27.
LaTeX Font Info:    ... okay on input line 27.
LaTeX Font Info:    Checking defaults for OMS/cmsy/m/n on input line 27.
LaTeX Font Info:    ... okay on input line 27.
LaTeX Font Info:    Checking defaults for OT1/cmr/m/n on input line 27.
LaTeX Font Info:    ... okay on input line 27.
LaTeX Font Info:    Checking defaults for T1/cmr/m/n on input line 27.
LaTeX Font Info:    ... okay on input line 27.
LaTeX Font Info:    Checking defaults for TS1/cmr/m/n on input line 27.
LaTeX Font Info:    ... okay on input line 27.
LaTeX Font Info:    Checking defaults for OMX/cmex/m/n on input line 27.
LaTeX Font Info:    ... okay on input line 27.
LaTeX Font Info:    Checking defaults for U/cmr/m/n on input line 27.
LaTeX Font Info:    ... okay on input line 27.
 (/usr/local/texlive/2022/texmf-dist/tex/context/base/mkii/supp-pdf.mkii
[Loading MPS to PDF converter (version 2006.09.02).]
\scratchcounter=\count296
\scratchdimen=\dimen187
\scratchbox=\box59
\nofMPsegments=\count297
\nofMParguments=\count298
\everyMPshowfont=\toks32
\MPscratchCnt=\count299
\MPscratchDim=\dimen188
\MPnumerator=\count300
\makeMPintoPDFobject=\count301
\everyMPtoPDFconversion=\toks33
) (/usr/local/texlive/2022/texmf-dist/tex/latex/epstopdf-pkg/epstopdf-base.sty
Package: epstopdf-base 2020-01-24 v2.11 Base part for package epstopdf
Package epstopdf-base Info: Redefining graphics rule for `.eps' on input line 485.
 (/usr/local/texlive/2022/texmf-dist/tex/latex/latexconfig/epstopdf-sys.cfg
File: epstopdf-sys.cfg 2010/07/13 v1.3 Configuration of (r)epstopdf for TeX Live
)) (/usr/local/texlive/2022/texmf-dist/tex/latex/base/textcomp.sty
Package: textcomp 2020/02/02 v2.0n Standard LaTeX package
)
\c@lstlisting=\count302
LaTeX Font Info:    Trying to load font information for U+msa on input line 31.
 (/usr/local/texlive/2022/texmf-dist/tex/latex/amsfonts/umsa.fd
File: umsa.fd 2013/01/14 v3.01 AMS symbols A
)
LaTeX Font Info:    Trying to load font information for U+msb on input line 31.
 (/usr/local/texlive/2022/texmf-dist/tex/latex/amsfonts/umsb.fd
File: umsb.fd 2013/01/14 v3.01 AMS symbols B
) [1

{/usr/local/texlive/2022/texmf-var/fonts/map/pdftex/updmap/pdftex.map}] [2]
Package svg Info: Last page of `./svg-inkscape/assests_svg-tex.pdf' is 1 on input line 76.
 (./svg-inkscape/assests_svg-tex.pdf_tex
<./svg-inkscape/assests_svg-tex.pdf, id=20, page=1, 451.6875pt x 301.125pt>
File: ./svg-inkscape/assests_svg-tex.pdf Graphic file (type pdf)
<use ./svg-inkscape/assests_svg-tex.pdf, page 1>
Package pdftex.def Info: ./svg-inkscape/assests_svg-tex.pdf , page1 used on input line 56.
(pdftex.def)             Requested size: 300.0pt x 200.01126pt.
)
Package svg Info: Last page of `./svg-inkscape/assets_price_svg-tex.pdf' is 1 on input line 83.
 (./svg-inkscape/assets_price_svg-tex.pdf_tex
<./svg-inkscape/assets_price_svg-tex.pdf, id=22, page=1, 451.6875pt x 301.125pt>
File: ./svg-inkscape/assets_price_svg-tex.pdf Graphic file (type pdf)
<use ./svg-inkscape/assets_price_svg-tex.pdf, page 1>
Package pdftex.def Info: ./svg-inkscape/assets_price_svg-tex.pdf , page1 used on input line 56.
(pdftex.def)             Requested size: 300.0pt x 200.01126pt.
) [3 <./svg-inkscape/assests_svg-tex.pdf> <./svg-inkscape/assets_price_svg-tex.pdf

pdfTeX warning: pdflatex (file ./svg-inkscape/assets_price_svg-tex.pdf): PDF inclusion: multiple pdfs with page group included in a single page
>] [4]
Package svg Info: Last page of `./svg-inkscape/acf_btc_return_svg-tex.pdf' is 1 on input line 119.
 (./svg-inkscape/acf_btc_return_svg-tex.pdf_tex
<./svg-inkscape/acf_btc_return_svg-tex.pdf, id=1555, page=1, 451.6875pt x 301.125pt>
File: ./svg-inkscape/acf_btc_return_svg-tex.pdf Graphic file (type pdf)
<use ./svg-inkscape/acf_btc_return_svg-tex.pdf, page 1>
Package pdftex.def Info: ./svg-inkscape/acf_btc_return_svg-tex.pdf , page1 used on input line 56.
(pdftex.def)             Requested size: 260.0pt x 173.3431pt.
)
Package svg Info: Last page of `./svg-inkscape/acf_spx_return_svg-tex.pdf' is 1 on input line 126.
 (./svg-inkscape/acf_spx_return_svg-tex.pdf_tex
<./svg-inkscape/acf_spx_return_svg-tex.pdf, id=1557, page=1, 451.6875pt x 301.125pt>
File: ./svg-inkscape/acf_spx_return_svg-tex.pdf Graphic file (type pdf)
<use ./svg-inkscape/acf_spx_return_svg-tex.pdf, page 1>
Package pdftex.def Info: ./svg-inkscape/acf_spx_return_svg-tex.pdf , page1 used on input line 56.
(pdftex.def)             Requested size: 260.0pt x 173.3431pt.
) [5 <./svg-inkscape/acf_btc_return_svg-tex.pdf> <./svg-inkscape/acf_spx_return_svg-tex.pdf

pdfTeX warning: pdflatex (file ./svg-inkscape/acf_spx_return_svg-tex.pdf): PDF inclusion: multiple pdfs with page group included in a single page
>]
Overfull \hbox (13.91019pt too wide) in paragraph at lines 148--171
 [] 
 []

[6]
Overfull \hbox (13.20189pt too wide) in paragraph at lines 187--222
 [] 
 []

[7]
LaTeX Font Info:    Trying to load font information for U+bbm on input line 241.
 (/usr/local/texlive/2022/texmf-dist/tex/latex/bbm-macros/ubbm.fd
File: ubbm.fd 1999/03/15 V 1.2 Font definition for bbm font - TH
) [8]
Overfull \hbox (38.23595pt too wide) detected at line 293
\OML/cmm/m/it/10 f\OT1/cmr/m/n/10 (\OML/cmm/m/it/10 y[]\OMS/cmsy/m/n/10 j\OML/cmm/m/it/10 Y[]; ^^R\OT1/cmr/m/n/10 ) = [](\OML/cmm/m/it/10 s[] \OT1/cmr/m/n/10 = 0\OMS/cmsy/m/n/10 j\OML/cmm/m/it/10 Y[]\OT1/cmr/m/n/10 ) [](\OML/cmm/m/it/10 y[]\OMS/cmsy/m/n/10 j\OML/cmm/m/it/10 Y[]; s[] \OT1/cmr/m/n/10 = 0; \OML/cmm/m/it/10 ^^R\OT1/cmr/m/n/10 ) + [](\OML/cmm/m/it/10 s[] \OT1/cmr/m/n/10 = 1\OMS/cmsy/m/n/10 j\OML/cmm/m/it/10 Y[]\OT1/cmr/m/n/10 ) [](\OML/cmm/m/it/10 y[]\OMS/cmsy/m/n/10 j\OML/cmm/m/it/10 Y[]; s[] \OT1/cmr/m/n/10 = 1; \OML/cmm/m/it/10 ^^R\OT1/cmr/m/n/10 )
 []

[9] [10]
Overfull \hbox (56.04146pt too wide) detected at line 348
[]\OT1/cmr/m/n/10 (\OML/cmm/m/it/10 s[] \OT1/cmr/m/n/10 = \OML/cmm/m/it/10 i\OMS/cmsy/m/n/10 j\OML/cmm/m/it/10 Y[]\OT1/cmr/m/n/10 ) = [](\OML/cmm/m/it/10 s[] \OT1/cmr/m/n/10 = 0\OMS/cmsy/m/n/10 j\OML/cmm/m/it/10 Y[]\OT1/cmr/m/n/10 ) [](\OML/cmm/m/it/10 s[] \OT1/cmr/m/n/10 = \OML/cmm/m/it/10 i\OMS/cmsy/m/n/10 j\OML/cmm/m/it/10 s[] \OT1/cmr/m/n/10 = 0\OML/cmm/m/it/10 ; Y[]\OT1/cmr/m/n/10 ) +  [](\OML/cmm/m/it/10 s[] \OT1/cmr/m/n/10 = 1\OMS/cmsy/m/n/10 j\OML/cmm/m/it/10 Y[]\OT1/cmr/m/n/10 ) [](\OML/cmm/m/it/10 s[] \OT1/cmr/m/n/10 = \OML/cmm/m/it/10 i\OMS/cmsy/m/n/10 j\OML/cmm/m/it/10 s[] \OT1/cmr/m/n/10 = 1\OML/cmm/m/it/10 ; Y[]\OT1/cmr/m/n/10 )
 []

[11]
Overfull \hbox (4.87578pt too wide) in paragraph at lines 368--407
 [] 
 []

[12]
Package svg Info: Last page of `./svg-inkscape/spx_normal_svg-tex.pdf' is 1 on input line 416.
 (./svg-inkscape/spx_normal_svg-tex.pdf_tex
<./svg-inkscape/spx_normal_svg-tex.pdf, id=2205, page=1, 451.6875pt x 301.125pt>
File: ./svg-inkscape/spx_normal_svg-tex.pdf Graphic file (type pdf)
<use ./svg-inkscape/spx_normal_svg-tex.pdf, page 1>
Package pdftex.def Info: ./svg-inkscape/spx_normal_svg-tex.pdf , page1 used on input line 56.
(pdftex.def)             Requested size: 350.0pt x 233.34648pt.
)
Overfull \hbox (5.0pt too wide) in paragraph at lines 416--417
 [][] 
 []

[13 <./svg-inkscape/spx_normal_svg-tex.pdf>]
Overfull \hbox (1.54245pt too wide) in paragraph at lines 432--477
 [] 
 []

[14]
Package svg Info: Last page of `./svg-inkscape/btc_normal_svg-tex.pdf' is 1 on input line 506.
 (./svg-inkscape/btc_normal_svg-tex.pdf_tex
<./svg-inkscape/btc_normal_svg-tex.pdf, id=2612, page=1, 451.6875pt x 301.125pt>
File: ./svg-inkscape/btc_normal_svg-tex.pdf Graphic file (type pdf)
<use ./svg-inkscape/btc_normal_svg-tex.pdf, page 1>
Package pdftex.def Info: ./svg-inkscape/btc_normal_svg-tex.pdf , page1 used on input line 56.
(pdftex.def)             Requested size: 350.0pt x 233.34648pt.
)
Overfull \hbox (5.0pt too wide) in paragraph at lines 506--507
 [][] 
 []

[15 <./svg-inkscape/btc_normal_svg-tex.pdf>]
Package svg Info: Last page of `./svg-inkscape/smooth_spx_svg-tex.pdf' is 1 on input line 519.
 (./svg-inkscape/smooth_spx_svg-tex.pdf_tex
<./svg-inkscape/smooth_spx_svg-tex.pdf, id=3011, page=1, 451.6875pt x 301.125pt>
File: ./svg-inkscape/smooth_spx_svg-tex.pdf Graphic file (type pdf)
<use ./svg-inkscape/smooth_spx_svg-tex.pdf, page 1>
Package pdftex.def Info: ./svg-inkscape/smooth_spx_svg-tex.pdf , page1 used on input line 56.
(pdftex.def)             Requested size: 300.0pt x 200.01126pt.
)
Package svg Info: Last page of `./svg-inkscape/smooth_btc_svg-tex.pdf' is 1 on input line 526.
 (./svg-inkscape/smooth_btc_svg-tex.pdf_tex
<./svg-inkscape/smooth_btc_svg-tex.pdf, id=3013, page=1, 451.6875pt x 301.125pt>
File: ./svg-inkscape/smooth_btc_svg-tex.pdf Graphic file (type pdf)
<use ./svg-inkscape/smooth_btc_svg-tex.pdf, page 1>
Package pdftex.def Info: ./svg-inkscape/smooth_btc_svg-tex.pdf , page1 used on input line 56.
(pdftex.def)             Requested size: 300.0pt x 200.01126pt.
) [16 <./svg-inkscape/smooth_spx_svg-tex.pdf> <./svg-inkscape/smooth_btc_svg-tex.pdf

pdfTeX warning: pdflatex (file ./svg-inkscape/smooth_btc_svg-tex.pdf): PDF inclusion: multiple pdfs with page group included in a single page
>]
Package svg Info: Last page of `./svg-inkscape/compare1_svg-tex.pdf' is 1 on input line 534.
 (./svg-inkscape/compare1_svg-tex.pdf_tex
<./svg-inkscape/compare1_svg-tex.pdf, id=6180, page=1, 451.6875pt x 301.125pt>
File: ./svg-inkscape/compare1_svg-tex.pdf Graphic file (type pdf)
<use ./svg-inkscape/compare1_svg-tex.pdf, page 1>
Package pdftex.def Info: ./svg-inkscape/compare1_svg-tex.pdf , page1 used on input line 56.
(pdftex.def)             Requested size: 300.0pt x 200.01126pt.
)
Package svg Info: Last page of `./svg-inkscape/compare2_svg-tex.pdf' is 1 on input line 541.
 (./svg-inkscape/compare2_svg-tex.pdf_tex
<./svg-inkscape/compare2_svg-tex.pdf, id=6182, page=1, 451.6875pt x 301.125pt>
File: ./svg-inkscape/compare2_svg-tex.pdf Graphic file (type pdf)
<use ./svg-inkscape/compare2_svg-tex.pdf, page 1>
Package pdftex.def Info: ./svg-inkscape/compare2_svg-tex.pdf , page1 used on input line 56.
(pdftex.def)             Requested size: 300.0pt x 200.01126pt.
) [17 <./svg-inkscape/compare1_svg-tex.pdf> <./svg-inkscape/compare2_svg-tex.pdf

pdfTeX warning: pdflatex (file ./svg-inkscape/compare2_svg-tex.pdf): PDF inclusion: multiple pdfs with page group included in a single page
>]
Package svg Info: Last page of `./svg-inkscape/compare3_svg-tex.pdf' is 1 on input line 549.
 (./svg-inkscape/compare3_svg-tex.pdf_tex
<./svg-inkscape/compare3_svg-tex.pdf, id=7259, page=1, 451.6875pt x 301.125pt>
File: ./svg-inkscape/compare3_svg-tex.pdf Graphic file (type pdf)
<use ./svg-inkscape/compare3_svg-tex.pdf, page 1>
Package pdftex.def Info: ./svg-inkscape/compare3_svg-tex.pdf , page1 used on input line 56.
(pdftex.def)             Requested size: 300.0pt x 200.01126pt.
) [18 <./svg-inkscape/compare3_svg-tex.pdf>] [19] (./report.aux)

LaTeX Warning: There were multiply-defined labels.

 ) 
Here is how much of TeX's memory you used:
 8580 strings out of 478268
 154290 string characters out of 5846347
 477919 words of memory out of 5000000
 26536 multiletter control sequences out of 15000+600000
 483388 words of font info for 81 fonts, out of 8000000 for 9000
 1141 hyphenation exceptions out of 8191
 94i,14n,92p,365b,485s stack positions out of 10000i,1000n,20000p,200000b,200000s
 </Users/jacky/Library/texlive/2022/texmf-var/fonts/pk/ljfour/public/bbm/bbm10.600pk></usr/local/texlive/2022/texmf-dist/fonts/type1/public/amsfonts/cm/cmbx12.pfb></usr/local/texlive/2022/texmf-dist/fonts/type1/public/amsfonts/cm/cmbx9.pfb></usr/local/texlive/2022/texmf-dist/fonts/type1/public/amsfonts/cm/cmex10.pfb></usr/local/texlive/2022/texmf-dist/fonts/type1/public/amsfonts/cm/cmmi10.pfb></usr/local/texlive/2022/texmf-dist/fonts/type1/public/amsfonts/cm/cmmi7.pfb></usr/local/texlive/2022/texmf-dist/fonts/type1/public/amsfonts/cm/cmr10.pfb></usr/local/texlive/2022/texmf-dist/fonts/type1/public/amsfonts/cm/cmr12.pfb></usr/local/texlive/2022/texmf-dist/fonts/type1/public/amsfonts/cm/cmr17.pfb></usr/local/texlive/2022/texmf-dist/fonts/type1/public/amsfonts/cm/cmr7.pfb></usr/local/texlive/2022/texmf-dist/fonts/type1/public/amsfonts/cm/cmr9.pfb></usr/local/texlive/2022/texmf-dist/fonts/type1/public/amsfonts/cm/cmsl10.pfb></usr/local/texlive/2022/texmf-dist/fonts/type1/public/amsfonts/cm/cmsy10.pfb></usr/local/texlive/2022/texmf-dist/fonts/type1/public/amsfonts/cm/cmsy7.pfb></usr/local/texlive/2022/texmf-dist/fonts/type1/public/amsfonts/symbols/msbm10.pfb>
Output written on report.pdf (19 pages, 1245224 bytes).
PDF statistics:
 7867 PDF objects out of 8907 (max. 8388607)
 5199 compressed objects within 52 object streams
 0 named destinations out of 1000 (max. 500000)
 123 words of extra memory for PDF output out of 10000 (max. 10000000)

